<?xml version="1.0" encoding="UTF-8"?>
<testsuites name="Hapus_Produk" time="60.391" tests="3" failures="0" errors="0">
   <testsuite name="Hapus_Produk" tests="3" failures="0" errors="0" time="60.391" skipped="0" timestamp="2023-04-04 06:19:54" hostname="raiha - LAPTOP-UT2QLFD0" id="Test Suites/Keranjang/Hapus_Produk">
      <properties>
         <property name="deviceName" value="Xiaomi M2101K7BNY (Android 12)"/>
         <property name="devicePlatform" value=""/>
         <property name="logFolder" value="C:\\Users\\raiha\\Katalon Studio\\Mobile Klik IGR\\Reports\\20230404_061942\\Keranjang\\Hapus_Produk\\20230404_061942"/>
         <property name="logFiles" value="C:\\Users\\raiha\\Katalon Studio\\Mobile Klik IGR\\Reports\\20230404_061942\\Keranjang\\Hapus_Produk\\20230404_061942\\appium.log, C:\\Users\\raiha\\Katalon Studio\\Mobile Klik IGR\\Reports\\20230404_061942\\Keranjang\\Hapus_Produk\\20230404_061942\\execution0.log"/>
         <property name="attachments" value=""/>
         <property name="hostName" value="raiha - LAPTOP-UT2QLFD0"/>
         <property name="os" value="Windows 10 64bit"/>
         <property name="appiumServerStatus" value="{&quot;value&quot;:{&quot;build&quot;:{&quot;version&quot;:&quot;1.22.3&quot;}},&quot;sessionId&quot;:null,&quot;status&quot;:0}"/>
         <property name="katalonVersion" value="8.5.5.208"/>
         <property name="deviceOS" value="Android"/>
         <property name="appiumVersion" value="1.22.3"/>
         <property name="deviceModel" value="M2101K7BNY"/>
         <property name="hostAddress" value="192.168.1.7"/>
         <property name="deviceManufacturer" value="Xiaomi"/>
         <property name="deviceId" value="4LSG9XI7HU8HTOXW"/>
         <property name="deviceName" value="Xiaomi M2101K7BNY (Android 12)"/>
         <property name="deviceOSVersion" value="12"/>
      </properties>
      <testcase name="Test Cases/Checkout/Keranjang/TC_Pesan_Ulang_Tambah_Keranjang" time="52.155" classname="Test Cases/Checkout/Keranjang/TC_Pesan_Ulang_Tambah_Keranjang" status="PASSED">
         <system-out><![CDATA[2023-04-04 06:19:54 - [TEST_CASE][PASSED] - Test Cases/Checkout/Keranjang/TC_Pesan_Ulang_Tambah_Keranjang: Test Cases/Checkout/Keranjang/TC_Pesan_Ulang_Tambah_Keranjang

2023-04-04 06:19:54 - [TEST_STEP][PASSED] - startApplication(APP, false): Started app at: 'C:\Users\raiha\Katalon Studio\Mobile Klik IGR\AndroidApp\Klik Dev v6.0.4.apk'

2023-04-04 06:19:55 - [MESSAGE][INFO] - User set preference: ['deviceId', '']

2023-04-04 06:19:55 - [MESSAGE][INFO] - Detected NodeJS location: "C:\Program Files\nodejs\node.exe"

2023-04-04 06:19:57 - [MESSAGE][INFO] - Appium server started on port 58,011

2023-04-04 06:20:30 - [MESSAGE][PASSED] - Started app at: 'C:\Users\raiha\Katalon Studio\Mobile Klik IGR\AndroidApp\Klik Dev v6.0.4.apk'

2023-04-04 06:20:30 - [TEST_STEP][PASSED] - tap(findTestObject("Homepage/Pesan Ulang 1"), 0): Tapped on element 'Object Repository/Homepage/Pesan Ulang 1'

2023-04-04 06:20:30 - [MESSAGE][WARNING] - Timeout '0' is invalid. Using default page load timeout: '30'

2023-04-04 06:20:32 - [MESSAGE][PASSED] - Tapped on element 'Object Repository/Homepage/Pesan Ulang 1'

2023-04-04 06:20:32 - [TEST_STEP][PASSED] - delay(1, CONTINUE_ON_FAILURE): Delayed 1 second(s)

2023-04-04 06:20:33 - [MESSAGE][PASSED] - Delayed 1 second(s)

2023-04-04 06:20:33 - [TEST_STEP][PASSED] - tap(findTestObject("Homepage/Tutup Pop-up Pesan Ulang"), 0): Tapped on element 'Object Repository/Homepage/Tutup Pop-up Pesan Ulang'

2023-04-04 06:20:33 - [MESSAGE][WARNING] - Timeout '0' is invalid. Using default page load timeout: '30'

2023-04-04 06:20:34 - [MESSAGE][PASSED] - Tapped on element 'Object Repository/Homepage/Tutup Pop-up Pesan Ulang'

2023-04-04 06:20:34 - [TEST_STEP][PASSED] - swipe(0, 500, 0, 0): Swiped from 0,500 to 0,0

2023-04-04 06:20:35 - [MESSAGE][PASSED] - Swiped from 0,500 to 0,0

2023-04-04 06:20:35 - [TEST_STEP][PASSED] - tap(findTestObject("Checkout/Tambah_Keranjang/Produk Pilihan/Tambah Produk Pilihan 1"), 0): Tapped on element 'Object Repository/Checkout/Tambah_Keranjang/Produk Pilihan/Tambah Produk Pilihan 1'

2023-04-04 06:20:35 - [MESSAGE][WARNING] - Timeout '0' is invalid. Using default page load timeout: '30'

2023-04-04 06:20:36 - [MESSAGE][PASSED] - Tapped on element 'Object Repository/Checkout/Tambah_Keranjang/Produk Pilihan/Tambah Produk Pilihan 1'

2023-04-04 06:20:36 - [TEST_STEP][PASSED] - delay(2, CONTINUE_ON_FAILURE): Delayed 2 second(s)

2023-04-04 06:20:38 - [MESSAGE][PASSED] - Delayed 2 second(s)

2023-04-04 06:20:38 - [TEST_STEP][PASSED] - tap(findTestObject("Checkout/Tambah_Keranjang/Produk Pilihan/Tambah Keranjang Produk Pilihan"), 0): Tapped on element 'Object Repository/Checkout/Tambah_Keranjang/Produk Pilihan/Tambah Keranjang Produk Pilihan'

2023-04-04 06:20:38 - [MESSAGE][WARNING] - Timeout '0' is invalid. Using default page load timeout: '30'

2023-04-04 06:20:42 - [MESSAGE][PASSED] - Tapped on element 'Object Repository/Checkout/Tambah_Keranjang/Produk Pilihan/Tambah Keranjang Produk Pilihan'

2023-04-04 06:20:42 - [TEST_STEP][PASSED] - tap(findTestObject("Homepage/Keranjang Home 2"), 0): Tapped on element 'Object Repository/Homepage/Keranjang Home 2'

2023-04-04 06:20:42 - [MESSAGE][WARNING] - Timeout '0' is invalid. Using default page load timeout: '30'

2023-04-04 06:20:43 - [MESSAGE][PASSED] - Tapped on element 'Object Repository/Homepage/Keranjang Home 2'

2023-04-04 06:20:43 - [TEST_STEP][PASSED] - delay(3, CONTINUE_ON_FAILURE): Delayed 3 second(s)

2023-04-04 06:20:46 - [MESSAGE][PASSED] - Delayed 3 second(s)]]></system-out>
         <system-err><![CDATA[]]></system-err>
      </testcase>
      <testcase name="Test Cases/Checkout/Keranjang/TC_BatalHapus_Produk" time="1.998" classname="Test Cases/Checkout/Keranjang/TC_BatalHapus_Produk" status="PASSED">
         <system-out><![CDATA[2023-04-04 06:20:46 - [TEST_CASE][PASSED] - Test Cases/Checkout/Keranjang/TC_BatalHapus_Produk: Test Cases/Checkout/Keranjang/TC_BatalHapus_Produk

2023-04-04 06:20:46 - [TEST_STEP][PASSED] - tap(findTestObject("Checkout/Keranjang/Hapus Produk"), 0): Tapped on element 'Object Repository/Checkout/Keranjang/Hapus Produk'

2023-04-04 06:20:46 - [MESSAGE][WARNING] - Timeout '0' is invalid. Using default page load timeout: '30'

2023-04-04 06:20:47 - [MESSAGE][PASSED] - Tapped on element 'Object Repository/Checkout/Keranjang/Hapus Produk'

2023-04-04 06:20:47 - [TEST_STEP][PASSED] - tap(findTestObject("Checkout/Keranjang/Batal Hapus Produk"), 0): Tapped on element 'Object Repository/Checkout/Keranjang/Batal Hapus Produk'

2023-04-04 06:20:47 - [MESSAGE][WARNING] - Timeout '0' is invalid. Using default page load timeout: '30'

2023-04-04 06:20:48 - [MESSAGE][PASSED] - Tapped on element 'Object Repository/Checkout/Keranjang/Batal Hapus Produk']]></system-out>
         <system-err><![CDATA[]]></system-err>
      </testcase>
      <testcase name="Test Cases/Checkout/Keranjang/TC_Hapus_Produk" time="5.93" classname="Test Cases/Checkout/Keranjang/TC_Hapus_Produk" status="PASSED">
         <system-out><![CDATA[2023-04-04 06:20:48 - [TEST_CASE][PASSED] - Test Cases/Checkout/Keranjang/TC_Hapus_Produk: Test Cases/Checkout/Keranjang/TC_Hapus_Produk

2023-04-04 06:20:48 - [TEST_STEP][PASSED] - tap(findTestObject("Checkout/Keranjang/Hapus Produk"), 0): Tapped on element 'Object Repository/Checkout/Keranjang/Hapus Produk'

2023-04-04 06:20:48 - [MESSAGE][WARNING] - Timeout '0' is invalid. Using default page load timeout: '30'

2023-04-04 06:20:49 - [MESSAGE][PASSED] - Tapped on element 'Object Repository/Checkout/Keranjang/Hapus Produk'

2023-04-04 06:20:49 - [TEST_STEP][PASSED] - tap(findTestObject("Checkout/Keranjang/Setuju Hapus Produk"), 0): Tapped on element 'Object Repository/Checkout/Keranjang/Setuju Hapus Produk'

2023-04-04 06:20:49 - [MESSAGE][WARNING] - Timeout '0' is invalid. Using default page load timeout: '30'

2023-04-04 06:20:50 - [MESSAGE][PASSED] - Tapped on element 'Object Repository/Checkout/Keranjang/Setuju Hapus Produk'

2023-04-04 06:20:50 - [TEST_STEP][PASSED] - delay(4, CONTINUE_ON_FAILURE): Delayed 4 second(s)

2023-04-04 06:20:54 - [MESSAGE][PASSED] - Delayed 4 second(s)]]></system-out>
         <system-err><![CDATA[]]></system-err>
      </testcase>
      <system-out><![CDATA[2023-04-04 06:19:54 - [TEST_SUITE][PASSED] - Hapus_Produk: Test Cases/Checkout/Keranjang/TC_Hapus_Produk]]></system-out>
      <system-err><![CDATA[]]></system-err>
   </testsuite>
</testsuites>
