<?xml version="1.0" encoding="UTF-8"?>
<testsuites name="Tambah_Kurangi_Produk" time="50.011" tests="7" failures="0" errors="0">
   <testsuite name="Tambah_Kurangi_Produk" tests="7" failures="0" errors="0" time="50.011" skipped="0" timestamp="2023-04-04 06:27:30" hostname="raiha - LAPTOP-UT2QLFD0" id="Test Suites/Keranjang/Tambah_Kurangi_Produk">
      <properties>
         <property name="deviceName" value="Xiaomi M2101K7BNY (Android 12)"/>
         <property name="devicePlatform" value=""/>
         <property name="logFolder" value="C:\\Users\\raiha\\Katalon Studio\\Mobile Klik IGR\\Reports\\20230404_062720\\Keranjang\\Tambah_Kurangi_Produk\\20230404_062720"/>
         <property name="logFiles" value="C:\\Users\\raiha\\Katalon Studio\\Mobile Klik IGR\\Reports\\20230404_062720\\Keranjang\\Tambah_Kurangi_Produk\\20230404_062720\\appium.log, C:\\Users\\raiha\\Katalon Studio\\Mobile Klik IGR\\Reports\\20230404_062720\\Keranjang\\Tambah_Kurangi_Produk\\20230404_062720\\execution0.log"/>
         <property name="attachments" value=""/>
         <property name="hostName" value="raiha - LAPTOP-UT2QLFD0"/>
         <property name="os" value="Windows 10 64bit"/>
         <property name="appiumServerStatus" value="{&quot;value&quot;:{&quot;build&quot;:{&quot;version&quot;:&quot;1.22.3&quot;}},&quot;sessionId&quot;:null,&quot;status&quot;:0}"/>
         <property name="katalonVersion" value="8.5.5.208"/>
         <property name="deviceOS" value="Android"/>
         <property name="appiumVersion" value="1.22.3"/>
         <property name="deviceModel" value="M2101K7BNY"/>
         <property name="hostAddress" value="192.168.1.7"/>
         <property name="deviceManufacturer" value="Xiaomi"/>
         <property name="deviceId" value="4LSG9XI7HU8HTOXW"/>
         <property name="deviceName" value="Xiaomi M2101K7BNY (Android 12)"/>
         <property name="deviceOSVersion" value="12"/>
      </properties>
      <testcase name="Test Cases/Checkout/Keranjang/TC_Pesan_Ulang" time="32.66" classname="Test Cases/Checkout/Keranjang/TC_Pesan_Ulang" status="PASSED">
         <system-out><![CDATA[2023-04-04 06:27:30 - [TEST_CASE][PASSED] - Test Cases/Checkout/Keranjang/TC_Pesan_Ulang: Test Cases/Checkout/Keranjang/TC_Pesan_Ulang

2023-04-04 06:27:31 - [TEST_STEP][PASSED] - startApplication(APP, false): Started app at: 'C:\Users\raiha\Katalon Studio\Mobile Klik IGR\AndroidApp\Klik Dev v6.0.4.apk'

2023-04-04 06:27:31 - [MESSAGE][INFO] - User set preference: ['deviceId', '']

2023-04-04 06:27:31 - [MESSAGE][INFO] - Detected NodeJS location: "C:\Program Files\nodejs\node.exe"

2023-04-04 06:27:32 - [MESSAGE][INFO] - Appium server started on port 58,400

2023-04-04 06:27:55 - [MESSAGE][PASSED] - Started app at: 'C:\Users\raiha\Katalon Studio\Mobile Klik IGR\AndroidApp\Klik Dev v6.0.4.apk'

2023-04-04 06:27:55 - [TEST_STEP][PASSED] - tap(findTestObject("Homepage/Pesan Ulang 1"), 0): Tapped on element 'Object Repository/Homepage/Pesan Ulang 1'

2023-04-04 06:27:55 - [MESSAGE][WARNING] - Timeout '0' is invalid. Using default page load timeout: '30'

2023-04-04 06:27:56 - [MESSAGE][PASSED] - Tapped on element 'Object Repository/Homepage/Pesan Ulang 1'

2023-04-04 06:27:56 - [TEST_STEP][PASSED] - delay(1, CONTINUE_ON_FAILURE): Delayed 1 second(s)

2023-04-04 06:27:58 - [MESSAGE][PASSED] - Delayed 1 second(s)

2023-04-04 06:27:58 - [TEST_STEP][PASSED] - tap(findTestObject("Homepage/Tutup Pop-up Pesan Ulang"), 0): Tapped on element 'Object Repository/Homepage/Tutup Pop-up Pesan Ulang'

2023-04-04 06:27:58 - [MESSAGE][WARNING] - Timeout '0' is invalid. Using default page load timeout: '30'

2023-04-04 06:27:59 - [MESSAGE][PASSED] - Tapped on element 'Object Repository/Homepage/Tutup Pop-up Pesan Ulang'

2023-04-04 06:27:59 - [TEST_STEP][PASSED] - tap(findTestObject("Homepage/Keranjang Home 1"), 0): Tapped on element 'Object Repository/Homepage/Keranjang Home 1'

2023-04-04 06:27:59 - [MESSAGE][WARNING] - Timeout '0' is invalid. Using default page load timeout: '30'

2023-04-04 06:28:00 - [MESSAGE][PASSED] - Tapped on element 'Object Repository/Homepage/Keranjang Home 1'

2023-04-04 06:28:00 - [TEST_STEP][PASSED] - delay(3, CONTINUE_ON_FAILURE): Delayed 3 second(s)

2023-04-04 06:28:03 - [MESSAGE][PASSED] - Delayed 3 second(s)]]></system-out>
         <system-err><![CDATA[]]></system-err>
      </testcase>
      <testcase name="Test Cases/Checkout/Keranjang/TC_Edit_Produk" time="4.538" classname="Test Cases/Checkout/Keranjang/TC_Edit_Produk" status="PASSED">
         <system-out><![CDATA[2023-04-04 06:28:03 - [TEST_CASE][PASSED] - Test Cases/Checkout/Keranjang/TC_Edit_Produk: Test Cases/Checkout/Keranjang/TC_Edit_Produk

2023-04-04 06:28:03 - [TEST_STEP][PASSED] - tap(findTestObject("Checkout/Keranjang/Edit Jumlah Produk"), 0): Tapped on element 'Object Repository/Checkout/Keranjang/Edit Jumlah Produk'

2023-04-04 06:28:03 - [MESSAGE][WARNING] - Timeout '0' is invalid. Using default page load timeout: '30'

2023-04-04 06:28:04 - [MESSAGE][PASSED] - Tapped on element 'Object Repository/Checkout/Keranjang/Edit Jumlah Produk'

2023-04-04 06:28:04 - [TEST_STEP][PASSED] - tap(findTestObject("Checkout/Keranjang/Field Edit Produk"), 0): Tapped on element 'Object Repository/Checkout/Keranjang/Field Edit Produk'

2023-04-04 06:28:04 - [MESSAGE][WARNING] - Timeout '0' is invalid. Using default page load timeout: '30'

2023-04-04 06:28:06 - [MESSAGE][PASSED] - Tapped on element 'Object Repository/Checkout/Keranjang/Field Edit Produk'

2023-04-04 06:28:06 - [TEST_STEP][PASSED] - setText(findTestObject("Checkout/Keranjang/Field Edit Produk"), "10", 0): Text '10' has been set to element 'Object Repository/Checkout/Keranjang/Field Edit Produk'

2023-04-04 06:28:06 - [MESSAGE][WARNING] - Timeout '0' is invalid. Using default page load timeout: '30'

2023-04-04 06:28:06 - [MESSAGE][PASSED] - Text '10' has been set to element 'Object Repository/Checkout/Keranjang/Field Edit Produk'

2023-04-04 06:28:06 - [TEST_STEP][PASSED] - tap(findTestObject("Checkout/Keranjang/Simpan Edit Produk"), 0): Tapped on element 'Object Repository/Checkout/Keranjang/Simpan Edit Produk'

2023-04-04 06:28:06 - [MESSAGE][WARNING] - Timeout '0' is invalid. Using default page load timeout: '30'

2023-04-04 06:28:08 - [MESSAGE][PASSED] - Tapped on element 'Object Repository/Checkout/Keranjang/Simpan Edit Produk']]></system-out>
         <system-err><![CDATA[]]></system-err>
      </testcase>
      <testcase name="Test Cases/Checkout/Keranjang/TC_Button_Perbaharui" time="3.053" classname="Test Cases/Checkout/Keranjang/TC_Button_Perbaharui" status="PASSED">
         <system-out><![CDATA[2023-04-04 06:28:08 - [TEST_CASE][PASSED] - Test Cases/Checkout/Keranjang/TC_Button_Perbaharui: Test Cases/Checkout/Keranjang/TC_Button_Perbaharui

2023-04-04 06:28:08 - [TEST_STEP][PASSED] - tap(findTestObject("Checkout/Keranjang/Perbaharui Keranjang"), 0): Tapped on element 'Object Repository/Checkout/Keranjang/Perbaharui Keranjang'

2023-04-04 06:28:08 - [MESSAGE][WARNING] - Timeout '0' is invalid. Using default page load timeout: '30'

2023-04-04 06:28:09 - [MESSAGE][PASSED] - Tapped on element 'Object Repository/Checkout/Keranjang/Perbaharui Keranjang'

2023-04-04 06:28:09 - [TEST_STEP][PASSED] - delay(2, CONTINUE_ON_FAILURE): Delayed 2 second(s)

2023-04-04 06:28:11 - [MESSAGE][PASSED] - Delayed 2 second(s)]]></system-out>
         <system-err><![CDATA[]]></system-err>
      </testcase>
      <testcase name="Test Cases/Checkout/Keranjang/TC_Kurangi_Produk" time="1.101" classname="Test Cases/Checkout/Keranjang/TC_Kurangi_Produk" status="PASSED">
         <system-out><![CDATA[2023-04-04 06:28:11 - [TEST_CASE][PASSED] - Test Cases/Checkout/Keranjang/TC_Kurangi_Produk: Test Cases/Checkout/Keranjang/TC_Kurangi_Produk

2023-04-04 06:28:11 - [TEST_STEP][PASSED] - tap(findTestObject("Checkout/Keranjang/Kurangi Produk"), 0): Tapped on element 'Object Repository/Checkout/Keranjang/Kurangi Produk'

2023-04-04 06:28:11 - [MESSAGE][WARNING] - Timeout '0' is invalid. Using default page load timeout: '30'

2023-04-04 06:28:12 - [MESSAGE][PASSED] - Tapped on element 'Object Repository/Checkout/Keranjang/Kurangi Produk']]></system-out>
         <system-err><![CDATA[]]></system-err>
      </testcase>
      <testcase name="Test Cases/Checkout/Keranjang/TC_Button_Perbaharui" time="3.698" classname="Test Cases/Checkout/Keranjang/TC_Button_Perbaharui" status="PASSED">
         <system-out><![CDATA[2023-04-04 06:28:12 - [TEST_CASE][PASSED] - Test Cases/Checkout/Keranjang/TC_Button_Perbaharui: Test Cases/Checkout/Keranjang/TC_Button_Perbaharui

2023-04-04 06:28:12 - [TEST_STEP][PASSED] - tap(findTestObject("Checkout/Keranjang/Perbaharui Keranjang"), 0): Tapped on element 'Object Repository/Checkout/Keranjang/Perbaharui Keranjang'

2023-04-04 06:28:12 - [MESSAGE][WARNING] - Timeout '0' is invalid. Using default page load timeout: '30'

2023-04-04 06:28:13 - [MESSAGE][PASSED] - Tapped on element 'Object Repository/Checkout/Keranjang/Perbaharui Keranjang'

2023-04-04 06:28:13 - [TEST_STEP][PASSED] - delay(2, CONTINUE_ON_FAILURE): Delayed 2 second(s)

2023-04-04 06:28:15 - [MESSAGE][PASSED] - Delayed 2 second(s)]]></system-out>
         <system-err><![CDATA[]]></system-err>
      </testcase>
      <testcase name="Test Cases/Checkout/Keranjang/TC_Tambah_Produk" time="1.903" classname="Test Cases/Checkout/Keranjang/TC_Tambah_Produk" status="PASSED">
         <system-out><![CDATA[2023-04-04 06:28:15 - [TEST_CASE][PASSED] - Test Cases/Checkout/Keranjang/TC_Tambah_Produk: Test Cases/Checkout/Keranjang/TC_Tambah_Produk

2023-04-04 06:28:16 - [TEST_STEP][PASSED] - tap(findTestObject("Checkout/Keranjang/Tambah Produk"), 0): Tapped on element 'Object Repository/Checkout/Keranjang/Tambah Produk'

2023-04-04 06:28:16 - [MESSAGE][WARNING] - Timeout '0' is invalid. Using default page load timeout: '30'

2023-04-04 06:28:17 - [MESSAGE][PASSED] - Tapped on element 'Object Repository/Checkout/Keranjang/Tambah Produk'

2023-04-04 06:28:17 - [TEST_STEP][PASSED] - tap(findTestObject("Checkout/Keranjang/Tambah Produk"), 0): Tapped on element 'Object Repository/Checkout/Keranjang/Tambah Produk'

2023-04-04 06:28:17 - [MESSAGE][WARNING] - Timeout '0' is invalid. Using default page load timeout: '30'

2023-04-04 06:28:17 - [MESSAGE][PASSED] - Tapped on element 'Object Repository/Checkout/Keranjang/Tambah Produk']]></system-out>
         <system-err><![CDATA[]]></system-err>
      </testcase>
      <testcase name="Test Cases/Checkout/Keranjang/TC_Button_Perbaharui" time="2.733" classname="Test Cases/Checkout/Keranjang/TC_Button_Perbaharui" status="PASSED">
         <system-out><![CDATA[2023-04-04 06:28:17 - [TEST_CASE][PASSED] - Test Cases/Checkout/Keranjang/TC_Button_Perbaharui: Test Cases/Checkout/Keranjang/TC_Button_Perbaharui

2023-04-04 06:28:17 - [TEST_STEP][PASSED] - tap(findTestObject("Checkout/Keranjang/Perbaharui Keranjang"), 0): Tapped on element 'Object Repository/Checkout/Keranjang/Perbaharui Keranjang'

2023-04-04 06:28:17 - [MESSAGE][WARNING] - Timeout '0' is invalid. Using default page load timeout: '30'

2023-04-04 06:28:18 - [MESSAGE][PASSED] - Tapped on element 'Object Repository/Checkout/Keranjang/Perbaharui Keranjang'

2023-04-04 06:28:18 - [TEST_STEP][PASSED] - delay(2, CONTINUE_ON_FAILURE): Delayed 2 second(s)

2023-04-04 06:28:20 - [MESSAGE][PASSED] - Delayed 2 second(s)]]></system-out>
         <system-err><![CDATA[]]></system-err>
      </testcase>
      <system-out><![CDATA[2023-04-04 06:27:30 - [TEST_SUITE][PASSED] - Tambah_Kurangi_Produk: Test Cases/Checkout/Keranjang/TC_Button_Perbaharui]]></system-out>
      <system-err><![CDATA[]]></system-err>
   </testsuite>
</testsuites>
