<?xml version="1.0" encoding="UTF-8"?>
<testsuites name="ResetFilter_Search" time="46.581" tests="3" failures="0" errors="0">
   <testsuite name="ResetFilter_Search" tests="3" failures="0" errors="0" time="46.581" skipped="0" timestamp="2023-03-29 09:35:44" hostname="raiha - LAPTOP-UT2QLFD0" id="Test Suites/Search/Filter/ResetFilter_Search">
      <properties>
         <property name="deviceName" value="Xiaomi M2101K7BNY (Android 12)"/>
         <property name="devicePlatform" value=""/>
         <property name="logFolder" value="C:\\Users\\raiha\\Katalon Studio\\Mobile Klik IGR\\Reports\\20230329_093535\\Search\\Filter\\ResetFilter_Search\\20230329_093535"/>
         <property name="logFiles" value="C:\\Users\\raiha\\Katalon Studio\\Mobile Klik IGR\\Reports\\20230329_093535\\Search\\Filter\\ResetFilter_Search\\20230329_093535\\appium.log, C:\\Users\\raiha\\Katalon Studio\\Mobile Klik IGR\\Reports\\20230329_093535\\Search\\Filter\\ResetFilter_Search\\20230329_093535\\execution0.log"/>
         <property name="attachments" value=""/>
         <property name="hostName" value="raiha - LAPTOP-UT2QLFD0"/>
         <property name="os" value="Windows 10 64bit"/>
         <property name="appiumServerStatus" value="{&quot;value&quot;:{&quot;build&quot;:{&quot;version&quot;:&quot;1.22.3&quot;}},&quot;sessionId&quot;:null,&quot;status&quot;:0}"/>
         <property name="katalonVersion" value="8.5.5.208"/>
         <property name="deviceOS" value="Android"/>
         <property name="appiumVersion" value="1.22.3"/>
         <property name="deviceModel" value="M2101K7BNY"/>
         <property name="hostAddress" value="192.168.1.9"/>
         <property name="deviceManufacturer" value="Xiaomi"/>
         <property name="deviceId" value="4LSG9XI7HU8HTOXW"/>
         <property name="deviceName" value="Xiaomi M2101K7BNY (Android 12)"/>
         <property name="deviceOSVersion" value="12"/>
      </properties>
      <testcase name="Test Cases/Search/TC_Search_Button" time="30.17" classname="Test Cases/Search/TC_Search_Button" status="PASSED">
         <system-out><![CDATA[2023-03-29 09:35:45 - [TEST_CASE][PASSED] - Test Cases/Search/TC_Search_Button: Test Cases/Search/TC_Search_Button

2023-03-29 09:35:45 - [TEST_STEP][PASSED] - startApplication(APP, false): Started app at: 'C:\Users\raiha\Katalon Studio\Mobile Klik IGR\AndroidApp\Klik Dev v6.0.0(105).apk'

2023-03-29 09:35:45 - [MESSAGE][INFO] - User set preference: ['deviceId', '']

2023-03-29 09:35:45 - [MESSAGE][INFO] - Detected NodeJS location: "C:\Program Files\nodejs\node.exe"

2023-03-29 09:35:47 - [MESSAGE][INFO] - Appium server started on port 57,083

2023-03-29 09:36:08 - [MESSAGE][PASSED] - Started app at: 'C:\Users\raiha\Katalon Studio\Mobile Klik IGR\AndroidApp\Klik Dev v6.0.0(105).apk'

2023-03-29 09:36:08 - [TEST_STEP][PASSED] - tap(findTestObject("Search/Pesan Ulang/Pesan Ulang 1"), 0): Tapped on element 'Object Repository/Search/Pesan Ulang/Pesan Ulang 1'

2023-03-29 09:36:08 - [MESSAGE][WARNING] - Timeout '0' is invalid. Using default page load timeout: '30'

2023-03-29 09:36:10 - [MESSAGE][PASSED] - Tapped on element 'Object Repository/Search/Pesan Ulang/Pesan Ulang 1'

2023-03-29 09:36:10 - [TEST_STEP][PASSED] - delay(2, CONTINUE_ON_FAILURE): Delayed 2 second(s)

2023-03-29 09:36:12 - [MESSAGE][PASSED] - Delayed 2 second(s)

2023-03-29 09:36:12 - [TEST_STEP][PASSED] - tap(findTestObject("Search/Pesan Ulang/Tutup Pesan Ulang"), 0): Tapped on element 'Object Repository/Search/Pesan Ulang/Tutup Pesan Ulang'

2023-03-29 09:36:12 - [MESSAGE][WARNING] - Timeout '0' is invalid. Using default page load timeout: '30'

2023-03-29 09:36:13 - [MESSAGE][PASSED] - Tapped on element 'Object Repository/Search/Pesan Ulang/Tutup Pesan Ulang'

2023-03-29 09:36:13 - [TEST_STEP][PASSED] - delay(1, CONTINUE_ON_FAILURE): Delayed 1 second(s)

2023-03-29 09:36:14 - [MESSAGE][PASSED] - Delayed 1 second(s)

2023-03-29 09:36:14 - [TEST_STEP][PASSED] - tap(findTestObject("Search/Menu Search"), 0): Tapped on element 'Object Repository/Search/Menu Search'

2023-03-29 09:36:14 - [MESSAGE][WARNING] - Timeout '0' is invalid. Using default page load timeout: '30'

2023-03-29 09:36:15 - [MESSAGE][PASSED] - Tapped on element 'Object Repository/Search/Menu Search']]></system-out>
         <system-err><![CDATA[]]></system-err>
      </testcase>
      <testcase name="Test Cases/Search/TC_New_Search" time="5.404" classname="Test Cases/Search/TC_New_Search" status="PASSED">
         <system-out><![CDATA[2023-03-29 09:36:15 - [TEST_CASE][PASSED] - Test Cases/Search/TC_New_Search: Test Cases/Search/TC_New_Search

2023-03-29 09:36:15 - [TEST_STEP][PASSED] - tap(findTestObject("Search/Field Search"), 0): Tapped on element 'Object Repository/Search/Field Search'

2023-03-29 09:36:15 - [MESSAGE][WARNING] - Timeout '0' is invalid. Using default page load timeout: '30'

2023-03-29 09:36:17 - [MESSAGE][PASSED] - Tapped on element 'Object Repository/Search/Field Search'

2023-03-29 09:36:17 - [TEST_STEP][PASSED] - setText(findTestObject("Search/Field Search"), "anlene", 0): Text 'anlene' has been set to element 'Object Repository/Search/Field Search'

2023-03-29 09:36:17 - [MESSAGE][WARNING] - Timeout '0' is invalid. Using default page load timeout: '30'

2023-03-29 09:36:17 - [MESSAGE][PASSED] - Text 'anlene' has been set to element 'Object Repository/Search/Field Search'

2023-03-29 09:36:17 - [TEST_STEP][PASSED] - delay(1, CONTINUE_ON_FAILURE): Delayed 1 second(s)

2023-03-29 09:36:18 - [MESSAGE][PASSED] - Delayed 1 second(s)

2023-03-29 09:36:18 - [TEST_STEP][PASSED] - tap(findTestObject("Search/Produk/anlene"), 0): Tapped on element 'Object Repository/Search/Produk/anlene'

2023-03-29 09:36:18 - [MESSAGE][WARNING] - Timeout '0' is invalid. Using default page load timeout: '30'

2023-03-29 09:36:20 - [MESSAGE][PASSED] - Tapped on element 'Object Repository/Search/Produk/anlene']]></system-out>
         <system-err><![CDATA[]]></system-err>
      </testcase>
      <testcase name="Test Cases/Search/Filter/TC_ResetFilter_Search" time="10.747" classname="Test Cases/Search/Filter/TC_ResetFilter_Search" status="PASSED">
         <system-out><![CDATA[2023-03-29 09:36:20 - [TEST_CASE][PASSED] - Test Cases/Search/Filter/TC_ResetFilter_Search: Test Cases/Search/Filter/TC_ResetFilter_Search

2023-03-29 09:36:21 - [TEST_STEP][PASSED] - tap(findTestObject("Search/Filter/Filter Button"), 0): Tapped on element 'Object Repository/Search/Filter/Filter Button'

2023-03-29 09:36:21 - [MESSAGE][WARNING] - Timeout '0' is invalid. Using default page load timeout: '30'

2023-03-29 09:36:22 - [MESSAGE][PASSED] - Tapped on element 'Object Repository/Search/Filter/Filter Button'

2023-03-29 09:36:22 - [TEST_STEP][PASSED] - tap(findTestObject("Search/Filter/Filter Produk 1"), 0): Tapped on element 'Object Repository/Search/Filter/Filter Produk 1'

2023-03-29 09:36:22 - [MESSAGE][WARNING] - Timeout '0' is invalid. Using default page load timeout: '30'

2023-03-29 09:36:22 - [MESSAGE][PASSED] - Tapped on element 'Object Repository/Search/Filter/Filter Produk 1'

2023-03-29 09:36:22 - [TEST_STEP][PASSED] - tap(findTestObject("Search/Filter/Search - Field Harga Minimum"), 0): Tapped on element 'Object Repository/Search/Filter/Search - Field Harga Minimum'

2023-03-29 09:36:22 - [MESSAGE][WARNING] - Timeout '0' is invalid. Using default page load timeout: '30'

2023-03-29 09:36:23 - [MESSAGE][PASSED] - Tapped on element 'Object Repository/Search/Filter/Search - Field Harga Minimum'

2023-03-29 09:36:23 - [TEST_STEP][PASSED] - setText(findTestObject("Search/Filter/Search - Field Harga Minimum"), "40000", 0): Text '40000' has been set to element 'Object Repository/Search/Filter/Search - Field Harga Minimum'

2023-03-29 09:36:23 - [MESSAGE][WARNING] - Timeout '0' is invalid. Using default page load timeout: '30'

2023-03-29 09:36:24 - [MESSAGE][PASSED] - Text '40000' has been set to element 'Object Repository/Search/Filter/Search - Field Harga Minimum'

2023-03-29 09:36:24 - [TEST_STEP][PASSED] - tap(findTestObject("Search/Filter/Search - Field Harga Maksimum"), 0): Tapped on element 'Object Repository/Search/Filter/Search - Field Harga Maksimum'

2023-03-29 09:36:24 - [MESSAGE][WARNING] - Timeout '0' is invalid. Using default page load timeout: '30'

2023-03-29 09:36:26 - [MESSAGE][PASSED] - Tapped on element 'Object Repository/Search/Filter/Search - Field Harga Maksimum'

2023-03-29 09:36:26 - [TEST_STEP][PASSED] - setText(findTestObject("Search/Filter/Search - Field Harga Maksimum"), "70000", 0): Text '70000' has been set to element 'Object Repository/Search/Filter/Search - Field Harga Maksimum'

2023-03-29 09:36:26 - [MESSAGE][WARNING] - Timeout '0' is invalid. Using default page load timeout: '30'

2023-03-29 09:36:26 - [MESSAGE][PASSED] - Text '70000' has been set to element 'Object Repository/Search/Filter/Search - Field Harga Maksimum'

2023-03-29 09:36:26 - [TEST_STEP][PASSED] - pressBack(): Press back button successfully

2023-03-29 09:36:27 - [MESSAGE][PASSED] - Press back button successfully

2023-03-29 09:36:27 - [TEST_STEP][PASSED] - tap(findTestObject("Search/Filter/Reset Button"), 0): Tapped on element 'Object Repository/Search/Filter/Reset Button'

2023-03-29 09:36:27 - [MESSAGE][WARNING] - Timeout '0' is invalid. Using default page load timeout: '30'

2023-03-29 09:36:28 - [MESSAGE][PASSED] - Tapped on element 'Object Repository/Search/Filter/Reset Button'

2023-03-29 09:36:28 - [TEST_STEP][PASSED] - tap(findTestObject("Search/Filter/Submit Button"), 0): Tapped on element 'Object Repository/Search/Filter/Submit Button'

2023-03-29 09:36:28 - [MESSAGE][WARNING] - Timeout '0' is invalid. Using default page load timeout: '30'

2023-03-29 09:36:29 - [MESSAGE][PASSED] - Tapped on element 'Object Repository/Search/Filter/Submit Button'

2023-03-29 09:36:29 - [TEST_STEP][PASSED] - delay(2, CONTINUE_ON_FAILURE): Delayed 2 second(s)

2023-03-29 09:36:31 - [MESSAGE][PASSED] - Delayed 2 second(s)]]></system-out>
         <system-err><![CDATA[]]></system-err>
      </testcase>
      <system-out><![CDATA[2023-03-29 09:35:44 - [TEST_SUITE][PASSED] - ResetFilter_Search: Test Cases/Search/Filter/TC_ResetFilter_Search]]></system-out>
      <system-err><![CDATA[]]></system-err>
   </testsuite>
</testsuites>
