<?xml version="1.0" encoding="UTF-8"?>
<testsuites name="Suggestion_Search" time="48.458" tests="2" failures="0" errors="0">
   <testsuite name="Suggestion_Search" tests="2" failures="0" errors="0" time="48.458" skipped="0" timestamp="2023-04-03 09:10:30" hostname="raiha - LAPTOP-UT2QLFD0" id="Test Suites/Search/Suggestion_Search">
      <properties>
         <property name="deviceName" value="Xiaomi M2101K7BNY (Android 12)"/>
         <property name="devicePlatform" value=""/>
         <property name="logFolder" value="C:\\Users\\raiha\\Katalon Studio\\Mobile Klik IGR\\Reports\\20230403_091020\\Search\\Suggestion_Search\\20230403_091020"/>
         <property name="logFiles" value="C:\\Users\\raiha\\Katalon Studio\\Mobile Klik IGR\\Reports\\20230403_091020\\Search\\Suggestion_Search\\20230403_091020\\appium.log, C:\\Users\\raiha\\Katalon Studio\\Mobile Klik IGR\\Reports\\20230403_091020\\Search\\Suggestion_Search\\20230403_091020\\execution0.log"/>
         <property name="attachments" value=""/>
         <property name="hostName" value="raiha - LAPTOP-UT2QLFD0"/>
         <property name="os" value="Windows 10 64bit"/>
         <property name="appiumServerStatus" value="{&quot;value&quot;:{&quot;build&quot;:{&quot;version&quot;:&quot;1.22.3&quot;}},&quot;sessionId&quot;:null,&quot;status&quot;:0}"/>
         <property name="katalonVersion" value="8.5.5.208"/>
         <property name="deviceOS" value="Android"/>
         <property name="appiumVersion" value="1.22.3"/>
         <property name="deviceModel" value="M2101K7BNY"/>
         <property name="hostAddress" value="192.168.1.7"/>
         <property name="deviceManufacturer" value="Xiaomi"/>
         <property name="deviceId" value="4LSG9XI7HU8HTOXW"/>
         <property name="deviceName" value="Xiaomi M2101K7BNY (Android 12)"/>
         <property name="deviceOSVersion" value="12"/>
      </properties>
      <testcase name="Test Cases/Search/TC_Search_Button" time="41.739" classname="Test Cases/Search/TC_Search_Button" status="PASSED">
         <system-out><![CDATA[2023-04-03 09:10:30 - [TEST_CASE][PASSED] - Test Cases/Search/TC_Search_Button: Test Cases/Search/TC_Search_Button

2023-04-03 09:10:31 - [TEST_STEP][PASSED] - startApplication(APP, false): Started app at: 'C:\Users\raiha\Katalon Studio\Mobile Klik IGR\AndroidApp\Klik Dev v6.0.0(105).apk'

2023-04-03 09:10:31 - [MESSAGE][INFO] - User set preference: ['deviceId', '']

2023-04-03 09:10:31 - [MESSAGE][INFO] - Detected NodeJS location: "C:\Program Files\nodejs\node.exe"

2023-04-03 09:10:33 - [MESSAGE][INFO] - Appium server started on port 54,159

2023-04-03 09:11:06 - [MESSAGE][PASSED] - Started app at: 'C:\Users\raiha\Katalon Studio\Mobile Klik IGR\AndroidApp\Klik Dev v6.0.0(105).apk'

2023-04-03 09:11:06 - [TEST_STEP][PASSED] - tap(findTestObject("Search/Pesan Ulang/Pesan Ulang 1"), 0): Tapped on element 'Object Repository/Search/Pesan Ulang/Pesan Ulang 1'

2023-04-03 09:11:06 - [MESSAGE][WARNING] - Timeout '0' is invalid. Using default page load timeout: '30'

2023-04-03 09:11:07 - [MESSAGE][PASSED] - Tapped on element 'Object Repository/Search/Pesan Ulang/Pesan Ulang 1'

2023-04-03 09:11:07 - [TEST_STEP][PASSED] - delay(2, CONTINUE_ON_FAILURE): Delayed 2 second(s)

2023-04-03 09:11:09 - [MESSAGE][PASSED] - Delayed 2 second(s)

2023-04-03 09:11:09 - [TEST_STEP][PASSED] - tap(findTestObject("Search/Pesan Ulang/Tutup Pesan Ulang"), 0): Tapped on element 'Object Repository/Search/Pesan Ulang/Tutup Pesan Ulang'

2023-04-03 09:11:09 - [MESSAGE][WARNING] - Timeout '0' is invalid. Using default page load timeout: '30'

2023-04-03 09:11:10 - [MESSAGE][PASSED] - Tapped on element 'Object Repository/Search/Pesan Ulang/Tutup Pesan Ulang'

2023-04-03 09:11:10 - [TEST_STEP][PASSED] - delay(1, CONTINUE_ON_FAILURE): Delayed 1 second(s)

2023-04-03 09:11:11 - [MESSAGE][PASSED] - Delayed 1 second(s)

2023-04-03 09:11:11 - [TEST_STEP][PASSED] - tap(findTestObject("Search/Menu Search"), 0): Tapped on element 'Object Repository/Search/Menu Search'

2023-04-03 09:11:11 - [MESSAGE][WARNING] - Timeout '0' is invalid. Using default page load timeout: '30'

2023-04-03 09:11:12 - [MESSAGE][PASSED] - Tapped on element 'Object Repository/Search/Menu Search']]></system-out>
         <system-err><![CDATA[]]></system-err>
      </testcase>
      <testcase name="Test Cases/Search/TC_Suggest_Search" time="6.407" classname="Test Cases/Search/TC_Suggest_Search" status="PASSED">
         <system-out><![CDATA[2023-04-03 09:11:12 - [TEST_CASE][PASSED] - Test Cases/Search/TC_Suggest_Search: Test Cases/Search/TC_Suggest_Search

2023-04-03 09:11:12 - [TEST_STEP][PASSED] - tap(findTestObject("Search/Field Search"), 0): Tapped on element 'Object Repository/Search/Field Search'

2023-04-03 09:11:13 - [MESSAGE][WARNING] - Timeout '0' is invalid. Using default page load timeout: '30'

2023-04-03 09:11:14 - [MESSAGE][PASSED] - Tapped on element 'Object Repository/Search/Field Search'

2023-04-03 09:11:14 - [TEST_STEP][PASSED] - setText(findTestObject("Search/Field Search"), "anlene", 0): Text 'anlene' has been set to element 'Object Repository/Search/Field Search'

2023-04-03 09:11:14 - [MESSAGE][WARNING] - Timeout '0' is invalid. Using default page load timeout: '30'

2023-04-03 09:11:14 - [MESSAGE][PASSED] - Text 'anlene' has been set to element 'Object Repository/Search/Field Search'

2023-04-03 09:11:14 - [TEST_STEP][PASSED] - delay(1, CONTINUE_ON_FAILURE): Delayed 1 second(s)

2023-04-03 09:11:15 - [MESSAGE][PASSED] - Delayed 1 second(s)

2023-04-03 09:11:15 - [TEST_STEP][PASSED] - tap(findTestObject("Search/Produk/anlene"), 0): Tapped on element 'Object Repository/Search/Produk/anlene'

2023-04-03 09:11:15 - [MESSAGE][WARNING] - Timeout '0' is invalid. Using default page load timeout: '30'

2023-04-03 09:11:17 - [MESSAGE][PASSED] - Tapped on element 'Object Repository/Search/Produk/anlene'

2023-04-03 09:11:17 - [TEST_STEP][PASSED] - swipe(100, 900, 0, 0): Swiped from 100,900 to 0,0

2023-04-03 09:11:18 - [MESSAGE][PASSED] - Swiped from 100,900 to 0,0]]></system-out>
         <system-err><![CDATA[]]></system-err>
      </testcase>
      <system-out><![CDATA[2023-04-03 09:10:30 - [TEST_SUITE][PASSED] - Suggestion_Search: Test Cases/Search/TC_Suggest_Search]]></system-out>
      <system-err><![CDATA[]]></system-err>
   </testsuite>
</testsuites>
