<?xml version="1.0" encoding="UTF-8"?>
<testsuites name="Checkout_No_Payment" time="106.561" tests="3" failures="1" errors="0">
   <testsuite name="Checkout_No_Payment" tests="3" failures="1" errors="0" time="106.561" skipped="0" timestamp="2023-03-31 07:06:43" hostname="raiha - LAPTOP-UT2QLFD0" id="Test Suites/Checkout/Checkout_No_Payment">
      <properties>
         <property name="deviceName" value="Xiaomi M2101K7BNY (Android 12)"/>
         <property name="devicePlatform" value=""/>
         <property name="logFolder" value="C:\\Users\\raiha\\Katalon Studio\\Mobile Klik IGR\\Reports\\20230331_070632\\Checkout\\Checkout_No_Payment\\20230331_070632"/>
         <property name="logFiles" value="C:\\Users\\raiha\\Katalon Studio\\Mobile Klik IGR\\Reports\\20230331_070632\\Checkout\\Checkout_No_Payment\\20230331_070632\\appium.log, C:\\Users\\raiha\\Katalon Studio\\Mobile Klik IGR\\Reports\\20230331_070632\\Checkout\\Checkout_No_Payment\\20230331_070632\\execution0.log"/>
         <property name="attachments" value="C:\Users\raiha\Katalon Studio\Mobile Klik IGR\Reports\20230331_070632\Checkout\Checkout_No_Payment\20230331_070632Checkout.png, C:\\Users\\raiha\\Katalon Studio\\Mobile Klik IGR\\Reports\\20230331_070632\\Checkout\\Checkout_No_Payment\\20230331_070632\\1680221309209.png"/>
         <property name="hostName" value="raiha - LAPTOP-UT2QLFD0"/>
         <property name="os" value="Windows 10 64bit"/>
         <property name="appiumServerStatus" value="{&quot;value&quot;:{&quot;build&quot;:{&quot;version&quot;:&quot;1.22.3&quot;}},&quot;sessionId&quot;:null,&quot;status&quot;:0}"/>
         <property name="katalonVersion" value="8.5.5.208"/>
         <property name="deviceOS" value="Android"/>
         <property name="appiumVersion" value="1.22.3"/>
         <property name="deviceModel" value="M2101K7BNY"/>
         <property name="hostAddress" value="192.168.1.8"/>
         <property name="deviceManufacturer" value="Xiaomi"/>
         <property name="deviceId" value="4LSG9XI7HU8HTOXW"/>
         <property name="deviceName" value="Xiaomi M2101K7BNY (Android 12)"/>
         <property name="deviceOSVersion" value="12"/>
      </properties>
      <testcase name="Test Cases/Checkout/Keranjang/TC_NEW_Tambah_Keranjang" time="49.534" classname="Test Cases/Checkout/Keranjang/TC_NEW_Tambah_Keranjang" status="PASSED">
         <system-out><![CDATA[2023-03-31 07:06:43 - [TEST_CASE][PASSED] - Test Cases/Checkout/Keranjang/TC_NEW_Tambah_Keranjang: Test Cases/Checkout/Keranjang/TC_NEW_Tambah_Keranjang

2023-03-31 07:06:44 - [TEST_STEP][PASSED] - startApplication(APP, false): Started app at: 'C:\Users\raiha\Katalon Studio\Mobile Klik IGR\AndroidApp\Klik Dev v6.0.0(105).apk'

2023-03-31 07:06:44 - [MESSAGE][INFO] - User set preference: ['deviceId', '']

2023-03-31 07:06:45 - [MESSAGE][INFO] - Detected NodeJS location: "C:\Program Files\nodejs\node.exe"

2023-03-31 07:06:46 - [MESSAGE][INFO] - Appium server started on port 59,551

2023-03-31 07:07:07 - [MESSAGE][PASSED] - Started app at: 'C:\Users\raiha\Katalon Studio\Mobile Klik IGR\AndroidApp\Klik Dev v6.0.0(105).apk'

2023-03-31 07:07:07 - [TEST_STEP][PASSED] - tap(findTestObject("Kategori/Ibu dan Anak"), 0): Tapped on element 'Object Repository/Kategori/Ibu dan Anak'

2023-03-31 07:07:08 - [MESSAGE][WARNING] - Timeout '0' is invalid. Using default page load timeout: '30'

2023-03-31 07:07:10 - [MESSAGE][PASSED] - Tapped on element 'Object Repository/Kategori/Ibu dan Anak'

2023-03-31 07:07:10 - [TEST_STEP][PASSED] - delay(2, STOP_ON_FAILURE): Delayed 2 second(s)

2023-03-31 07:07:12 - [MESSAGE][PASSED] - Delayed 2 second(s)

2023-03-31 07:07:12 - [TEST_STEP][PASSED] - tap(findTestObject("Sorting/Tombol Sort"), 0): Tapped on element 'Object Repository/Sorting/Tombol Sort'

2023-03-31 07:07:12 - [MESSAGE][WARNING] - Timeout '0' is invalid. Using default page load timeout: '30'

2023-03-31 07:07:13 - [MESSAGE][PASSED] - Tapped on element 'Object Repository/Sorting/Tombol Sort'

2023-03-31 07:07:13 - [TEST_STEP][PASSED] - tap(findTestObject("Sorting/Harga Termahal"), 0): Tapped on element 'Object Repository/Sorting/Harga Termahal'

2023-03-31 07:07:13 - [MESSAGE][WARNING] - Timeout '0' is invalid. Using default page load timeout: '30'

2023-03-31 07:07:15 - [MESSAGE][PASSED] - Tapped on element 'Object Repository/Sorting/Harga Termahal'

2023-03-31 07:07:15 - [TEST_STEP][PASSED] - delay(1, CONTINUE_ON_FAILURE): Delayed 1 second(s)

2023-03-31 07:07:16 - [MESSAGE][PASSED] - Delayed 1 second(s)

2023-03-31 07:07:16 - [TEST_STEP][PASSED] - swipe(100, 400, 0, 0): Swiped from 100,400 to 0,0

2023-03-31 07:07:17 - [MESSAGE][PASSED] - Swiped from 100,400 to 0,0

2023-03-31 07:07:17 - [TEST_STEP][PASSED] - delay(1, CONTINUE_ON_FAILURE): Delayed 1 second(s)

2023-03-31 07:07:18 - [MESSAGE][PASSED] - Delayed 1 second(s)

2023-03-31 07:07:18 - [TEST_STEP][PASSED] - tap(findTestObject("Kategori/Ibu_Anak/Tambah Keranjang Enfagrow Susu Madu 800g"), 0): Tapped on element 'Object Repository/Kategori/Ibu_Anak/Tambah Keranjang Enfagrow Susu Madu 800g'

2023-03-31 07:07:18 - [MESSAGE][WARNING] - Timeout '0' is invalid. Using default page load timeout: '30'

2023-03-31 07:07:19 - [MESSAGE][PASSED] - Tapped on element 'Object Repository/Kategori/Ibu_Anak/Tambah Keranjang Enfagrow Susu Madu 800g'

2023-03-31 07:07:19 - [TEST_STEP][PASSED] - delay(1, CONTINUE_ON_FAILURE): Delayed 1 second(s)

2023-03-31 07:07:20 - [MESSAGE][PASSED] - Delayed 1 second(s)

2023-03-31 07:07:20 - [TEST_STEP][PASSED] - tap(findTestObject("Kategori/Ibu_Anak/Tambah Produk"), 0): Tapped on element 'Object Repository/Kategori/Ibu_Anak/Tambah Produk'

2023-03-31 07:07:20 - [MESSAGE][WARNING] - Timeout '0' is invalid. Using default page load timeout: '30'

2023-03-31 07:07:21 - [MESSAGE][PASSED] - Tapped on element 'Object Repository/Kategori/Ibu_Anak/Tambah Produk'

2023-03-31 07:07:21 - [TEST_STEP][PASSED] - delay(1, CONTINUE_ON_FAILURE): Delayed 1 second(s)

2023-03-31 07:07:22 - [MESSAGE][PASSED] - Delayed 1 second(s)

2023-03-31 07:07:22 - [TEST_STEP][PASSED] - tap(findTestObject("Kategori/Ibu_Anak/Tambah Keranjang"), 0): Tapped on element 'Object Repository/Kategori/Ibu_Anak/Tambah Keranjang'

2023-03-31 07:07:22 - [MESSAGE][WARNING] - Timeout '0' is invalid. Using default page load timeout: '30'

2023-03-31 07:07:25 - [MESSAGE][PASSED] - Tapped on element 'Object Repository/Kategori/Ibu_Anak/Tambah Keranjang'

2023-03-31 07:07:25 - [TEST_STEP][PASSED] - delay(3, STOP_ON_FAILURE): Delayed 3 second(s)

2023-03-31 07:07:28 - [MESSAGE][PASSED] - Delayed 3 second(s)

2023-03-31 07:07:28 - [TEST_STEP][PASSED] - tap(findTestObject("Kategori/Ibu_Anak/Keranjang Ibu dan Anak 1"), 0): Tapped on element 'Object Repository/Kategori/Ibu_Anak/Keranjang Ibu dan Anak 1'

2023-03-31 07:07:29 - [MESSAGE][WARNING] - Timeout '0' is invalid. Using default page load timeout: '30'

2023-03-31 07:07:30 - [MESSAGE][PASSED] - Tapped on element 'Object Repository/Kategori/Ibu_Anak/Keranjang Ibu dan Anak 1'

2023-03-31 07:07:30 - [TEST_STEP][PASSED] - delay(3, STOP_ON_FAILURE): Delayed 3 second(s)

2023-03-31 07:07:33 - [MESSAGE][PASSED] - Delayed 3 second(s)]]></system-out>
         <system-err><![CDATA[]]></system-err>
      </testcase>
      <testcase name="Test Cases/Checkout/Pengiriman/TC_Ambil_DiGrosir" time="12.171" classname="Test Cases/Checkout/Pengiriman/TC_Ambil_DiGrosir" status="PASSED">
         <system-out><![CDATA[2023-03-31 07:07:33 - [TEST_CASE][PASSED] - Test Cases/Checkout/Pengiriman/TC_Ambil_DiGrosir: Test Cases/Checkout/Pengiriman/TC_Ambil_DiGrosir

2023-03-31 07:07:33 - [TEST_STEP][PASSED] - tap(findTestObject("Checkout/Keranjang/Panah Ke atas Ringkasan Belanja"), 0): Tapped on element 'Object Repository/Checkout/Keranjang/Panah Ke atas Ringkasan Belanja'

2023-03-31 07:07:33 - [MESSAGE][WARNING] - Timeout '0' is invalid. Using default page load timeout: '30'

2023-03-31 07:07:34 - [MESSAGE][PASSED] - Tapped on element 'Object Repository/Checkout/Keranjang/Panah Ke atas Ringkasan Belanja'

2023-03-31 07:07:34 - [TEST_STEP][PASSED] - tap(findTestObject("Checkout/Pengiriman/Tombol Pengiriman"), 0): Tapped on element 'Object Repository/Checkout/Pengiriman/Tombol Pengiriman'

2023-03-31 07:07:34 - [MESSAGE][WARNING] - Timeout '0' is invalid. Using default page load timeout: '30'

2023-03-31 07:07:35 - [MESSAGE][PASSED] - Tapped on element 'Object Repository/Checkout/Pengiriman/Tombol Pengiriman'

2023-03-31 07:07:35 - [TEST_STEP][PASSED] - delay(4, STOP_ON_FAILURE): Delayed 4 second(s)

2023-03-31 07:07:39 - [MESSAGE][PASSED] - Delayed 4 second(s)

2023-03-31 07:07:39 - [TEST_STEP][PASSED] - tap(findTestObject("Checkout/Pengiriman/Ambil di Toko Indogrosir"), 0): Tapped on element 'Object Repository/Checkout/Pengiriman/Ambil di Toko Indogrosir'

2023-03-31 07:07:39 - [MESSAGE][WARNING] - Timeout '0' is invalid. Using default page load timeout: '30'

2023-03-31 07:07:40 - [MESSAGE][PASSED] - Tapped on element 'Object Repository/Checkout/Pengiriman/Ambil di Toko Indogrosir'

2023-03-31 07:07:40 - [TEST_STEP][PASSED] - tap(findTestObject("Checkout/Pembayaran/Tombol Pembayaran"), 0): Tapped on element 'Object Repository/Checkout/Pembayaran/Tombol Pembayaran'

2023-03-31 07:07:40 - [MESSAGE][WARNING] - Timeout '0' is invalid. Using default page load timeout: '30'

2023-03-31 07:07:41 - [MESSAGE][PASSED] - Tapped on element 'Object Repository/Checkout/Pembayaran/Tombol Pembayaran'

2023-03-31 07:07:41 - [TEST_STEP][PASSED] - delay(4, STOP_ON_FAILURE): Delayed 4 second(s)

2023-03-31 07:07:45 - [MESSAGE][PASSED] - Delayed 4 second(s)]]></system-out>
         <system-err><![CDATA[]]></system-err>
      </testcase>
      <testcase name="Test Cases/Checkout/TC_Checkout" time="44.539" classname="Test Cases/Checkout/TC_Checkout" status="FAILED">
         <failure type="FAILED" message="Test Cases/Checkout/TC_Checkout FAILED.
Reason:
com.kms.katalon.core.exception.StepFailedException: Object Object Repository/Checkout/Checkout/Lihat Cara Pembayaran not found
	at com.kms.katalon.core.keyword.internal.KeywordMain.stepFailed(KeywordMain.groovy:50)
	at com.kms.katalon.core.mobile.keyword.internal.MobileKeywordMain.stepFailed(MobileKeywordMain.groovy:40)
	at com.kms.katalon.core.mobile.keyword.builtin.TapKeyword$_tap_closure1.doCall(TapKeyword.groovy:79)
	at com.kms.katalon.core.mobile.keyword.builtin.TapKeyword$_tap_closure1.call(TapKeyword.groovy)
	at com.kms.katalon.core.mobile.keyword.internal.MobileKeywordMain.runKeyword(MobileKeywordMain.groovy:21)
	at com.kms.katalon.core.mobile.keyword.builtin.TapKeyword.tap(TapKeyword.groovy:84)
	at com.kms.katalon.core.mobile.keyword.builtin.TapKeyword.execute(TapKeyword.groovy:68)
	at com.kms.katalon.core.keyword.internal.KeywordExecutor.executeKeywordForPlatform(KeywordExecutor.groovy:74)
	at com.kms.katalon.core.mobile.keyword.MobileBuiltInKeywords.tap(MobileBuiltInKeywords.groovy:1476)
	at com.kms.katalon.core.mobile.keyword.MobileBuiltInKeywords$tap$3.call(Unknown Source)
	at TC_Checkout.run(TC_Checkout:33)
	at com.kms.katalon.core.main.ScriptEngine.run(ScriptEngine.java:194)
	at com.kms.katalon.core.main.ScriptEngine.runScriptAsRawText(ScriptEngine.java:119)
	at com.kms.katalon.core.main.TestCaseExecutor.runScript(TestCaseExecutor.java:448)
	at com.kms.katalon.core.main.TestCaseExecutor.doExecute(TestCaseExecutor.java:439)
	at com.kms.katalon.core.main.TestCaseExecutor.processExecutionPhase(TestCaseExecutor.java:418)
	at com.kms.katalon.core.main.TestCaseExecutor.accessMainPhase(TestCaseExecutor.java:410)
	at com.kms.katalon.core.main.TestCaseExecutor.execute(TestCaseExecutor.java:285)
	at com.kms.katalon.core.common.CommonExecutor.accessTestCaseMainPhase(CommonExecutor.java:65)
	at com.kms.katalon.core.main.TestSuiteExecutor.accessTestSuiteMainPhase(TestSuiteExecutor.java:151)
	at com.kms.katalon.core.main.TestSuiteExecutor.execute(TestSuiteExecutor.java:106)
	at com.kms.katalon.core.main.TestCaseMain.startTestSuite(TestCaseMain.java:185)
	at com.kms.katalon.core.main.TestCaseMain$startTestSuite$0.call(Unknown Source)
	at TempTestSuite1680221192778.run(TempTestSuite1680221192778.groovy:36)
"/>
         <system-out><![CDATA[2023-03-31 07:07:45 - [TEST_CASE][FAILED] - Test Cases/Checkout/TC_Checkout: Test Cases/Checkout/TC_Checkout FAILED.
Reason:
com.kms.katalon.core.exception.StepFailedException: Object Object Repository/Checkout/Checkout/Lihat Cara Pembayaran not found
	at com.kms.katalon.core.keyword.internal.KeywordMain.stepFailed(KeywordMain.groovy:50)
	at com.kms.katalon.core.mobile.keyword.internal.MobileKeywordMain.stepFailed(MobileKeywordMain.groovy:40)
	at com.kms.katalon.core.mobile.keyword.builtin.TapKeyword$_tap_closure1.doCall(TapKeyword.groovy:79)
	at com.kms.katalon.core.mobile.keyword.builtin.TapKeyword$_tap_closure1.call(TapKeyword.groovy)
	at com.kms.katalon.core.mobile.keyword.internal.MobileKeywordMain.runKeyword(MobileKeywordMain.groovy:21)
	at com.kms.katalon.core.mobile.keyword.builtin.TapKeyword.tap(TapKeyword.groovy:84)
	at com.kms.katalon.core.mobile.keyword.builtin.TapKeyword.execute(TapKeyword.groovy:68)
	at com.kms.katalon.core.keyword.internal.KeywordExecutor.executeKeywordForPlatform(KeywordExecutor.groovy:74)
	at com.kms.katalon.core.mobile.keyword.MobileBuiltInKeywords.tap(MobileBuiltInKeywords.groovy:1476)
	at com.kms.katalon.core.mobile.keyword.MobileBuiltInKeywords$tap$3.call(Unknown Source)
	at TC_Checkout.run(TC_Checkout:33)
	at com.kms.katalon.core.main.ScriptEngine.run(ScriptEngine.java:194)
	at com.kms.katalon.core.main.ScriptEngine.runScriptAsRawText(ScriptEngine.java:119)
	at com.kms.katalon.core.main.TestCaseExecutor.runScript(TestCaseExecutor.java:448)
	at com.kms.katalon.core.main.TestCaseExecutor.doExecute(TestCaseExecutor.java:439)
	at com.kms.katalon.core.main.TestCaseExecutor.processExecutionPhase(TestCaseExecutor.java:418)
	at com.kms.katalon.core.main.TestCaseExecutor.accessMainPhase(TestCaseExecutor.java:410)
	at com.kms.katalon.core.main.TestCaseExecutor.execute(TestCaseExecutor.java:285)
	at com.kms.katalon.core.common.CommonExecutor.accessTestCaseMainPhase(CommonExecutor.java:65)
	at com.kms.katalon.core.main.TestSuiteExecutor.accessTestSuiteMainPhase(TestSuiteExecutor.java:151)
	at com.kms.katalon.core.main.TestSuiteExecutor.execute(TestSuiteExecutor.java:106)
	at com.kms.katalon.core.main.TestCaseMain.startTestSuite(TestCaseMain.java:185)
	at com.kms.katalon.core.main.TestCaseMain$startTestSuite$0.call(Unknown Source)
	at TempTestSuite1680221192778.run(TempTestSuite1680221192778.groovy:36)


2023-03-31 07:07:45 - [TEST_STEP][PASSED] - tap(findTestObject("Checkout/Checkout/Tombol Checkout"), 0): Tapped on element 'Object Repository/Checkout/Checkout/Tombol Checkout'

2023-03-31 07:07:46 - [MESSAGE][WARNING] - Timeout '0' is invalid. Using default page load timeout: '30'

2023-03-31 07:07:49 - [MESSAGE][PASSED] - Tapped on element 'Object Repository/Checkout/Checkout/Tombol Checkout'

2023-03-31 07:07:49 - [TEST_STEP][PASSED] - takeScreenshot(getReportFolder() + "Checkout.png", CONTINUE_ON_FAILURE): Screenshot is taken

2023-03-31 07:07:49 - [MESSAGE][PASSED] - Screenshot is taken
[[ATTACHMENT|C:\Users\raiha\Katalon Studio\Mobile Klik IGR\Reports\20230331_070632\Checkout\Checkout_No_Payment\20230331_070632Checkout.png]]

2023-03-31 07:07:49 - [TEST_STEP][PASSED] - delay(7, STOP_ON_FAILURE): Delayed 7 second(s)

2023-03-31 07:07:56 - [MESSAGE][PASSED] - Delayed 7 second(s)

2023-03-31 07:07:56 - [TEST_STEP][PASSED] - swipe(0, 600, 0, 0): Swiped from 0,600 to 0,0

2023-03-31 07:07:58 - [MESSAGE][PASSED] - Swiped from 0,600 to 0,0

2023-03-31 07:07:58 - [TEST_STEP][PASSED] - delay(1, CONTINUE_ON_FAILURE): Delayed 1 second(s)

2023-03-31 07:07:59 - [MESSAGE][PASSED] - Delayed 1 second(s)

2023-03-31 07:07:59 - [TEST_STEP][FAILED] - tap(findTestObject("Checkout/Checkout/Lihat Cara Pembayaran"), 0, STOP_ON_FAILURE): Failed to tap on element 'Object Repository/Checkout/Checkout/Lihat Cara Pembayaran' (Root cause: com.kms.katalon.core.exception.StepFailedException: Object Object Repository/Checkout/Checkout/Lihat Cara Pembayaran not found
	at com.kms.katalon.core.keyword.internal.KeywordMain.stepFailed(KeywordMain.groovy:50)
	at com.kms.katalon.core.mobile.keyword.internal.MobileKeywordMain.stepFailed(MobileKeywordMain.groovy:40)
	at com.kms.katalon.core.mobile.keyword.builtin.TapKeyword$_tap_closure1.doCall(TapKeyword.groovy:79)
	at com.kms.katalon.core.mobile.keyword.builtin.TapKeyword$_tap_closure1.call(TapKeyword.groovy)
	at com.kms.katalon.core.mobile.keyword.internal.MobileKeywordMain.runKeyword(MobileKeywordMain.groovy:21)
	at com.kms.katalon.core.mobile.keyword.builtin.TapKeyword.tap(TapKeyword.groovy:84)
	at com.kms.katalon.core.mobile.keyword.builtin.TapKeyword.execute(TapKeyword.groovy:68)
	at com.kms.katalon.core.keyword.internal.KeywordExecutor.executeKeywordForPlatform(KeywordExecutor.groovy:74)
	at com.kms.katalon.core.mobile.keyword.MobileBuiltInKeywords.tap(MobileBuiltInKeywords.groovy:1476)
	at com.kms.katalon.core.mobile.keyword.MobileBuiltInKeywords$tap$3.call(Unknown Source)
	at TC_Checkout.run(TC_Checkout:33)
	at com.kms.katalon.core.main.ScriptEngine.run(ScriptEngine.java:194)
	at com.kms.katalon.core.main.ScriptEngine.runScriptAsRawText(ScriptEngine.java:119)
	at com.kms.katalon.core.main.TestCaseExecutor.runScript(TestCaseExecutor.java:448)
	at com.kms.katalon.core.main.TestCaseExecutor.doExecute(TestCaseExecutor.java:439)
	at com.kms.katalon.core.main.TestCaseExecutor.processExecutionPhase(TestCaseExecutor.java:418)
	at com.kms.katalon.core.main.TestCaseExecutor.accessMainPhase(TestCaseExecutor.java:410)
	at com.kms.katalon.core.main.TestCaseExecutor.execute(TestCaseExecutor.java:285)
	at com.kms.katalon.core.common.CommonExecutor.accessTestCaseMainPhase(CommonExecutor.java:65)
	at com.kms.katalon.core.main.TestSuiteExecutor.accessTestSuiteMainPhase(TestSuiteExecutor.java:151)
	at com.kms.katalon.core.main.TestSuiteExecutor.execute(TestSuiteExecutor.java:106)
	at com.kms.katalon.core.main.TestCaseMain.startTestSuite(TestCaseMain.java:185)
	at com.kms.katalon.core.main.TestCaseMain$startTestSuite$0.call(Unknown Source)
	at TempTestSuite1680221192778.run(TempTestSuite1680221192778.groovy:36)
)

2023-03-31 07:07:59 - [MESSAGE][WARNING] - Timeout '0' is invalid. Using default page load timeout: '30'

2023-03-31 07:08:29 - [MESSAGE][FAILED] - Object Object Repository/Checkout/Checkout/Lihat Cara Pembayaran not found

2023-03-31 07:08:30 - [MESSAGE][FAILED] - Failed to tap on element 'Object Repository/Checkout/Checkout/Lihat Cara Pembayaran' (Root cause: com.kms.katalon.core.exception.StepFailedException: Object Object Repository/Checkout/Checkout/Lihat Cara Pembayaran not found
	at com.kms.katalon.core.keyword.internal.KeywordMain.stepFailed(KeywordMain.groovy:50)
	at com.kms.katalon.core.mobile.keyword.internal.MobileKeywordMain.stepFailed(MobileKeywordMain.groovy:40)
	at com.kms.katalon.core.mobile.keyword.builtin.TapKeyword$_tap_closure1.doCall(TapKeyword.groovy:79)
	at com.kms.katalon.core.mobile.keyword.builtin.TapKeyword$_tap_closure1.call(TapKeyword.groovy)
	at com.kms.katalon.core.mobile.keyword.internal.MobileKeywordMain.runKeyword(MobileKeywordMain.groovy:21)
	at com.kms.katalon.core.mobile.keyword.builtin.TapKeyword.tap(TapKeyword.groovy:84)
	at com.kms.katalon.core.mobile.keyword.builtin.TapKeyword.execute(TapKeyword.groovy:68)
	at com.kms.katalon.core.keyword.internal.KeywordExecutor.executeKeywordForPlatform(KeywordExecutor.groovy:74)
	at com.kms.katalon.core.mobile.keyword.MobileBuiltInKeywords.tap(MobileBuiltInKeywords.groovy:1476)
	at com.kms.katalon.core.mobile.keyword.MobileBuiltInKeywords$tap$3.call(Unknown Source)
	at TC_Checkout.run(TC_Checkout:33)
	at com.kms.katalon.core.main.ScriptEngine.run(ScriptEngine.java:194)
	at com.kms.katalon.core.main.ScriptEngine.runScriptAsRawText(ScriptEngine.java:119)
	at com.kms.katalon.core.main.TestCaseExecutor.runScript(TestCaseExecutor.java:448)
	at com.kms.katalon.core.main.TestCaseExecutor.doExecute(TestCaseExecutor.java:439)
	at com.kms.katalon.core.main.TestCaseExecutor.processExecutionPhase(TestCaseExecutor.java:418)
	at com.kms.katalon.core.main.TestCaseExecutor.accessMainPhase(TestCaseExecutor.java:410)
	at com.kms.katalon.core.main.TestCaseExecutor.execute(TestCaseExecutor.java:285)
	at com.kms.katalon.core.common.CommonExecutor.accessTestCaseMainPhase(CommonExecutor.java:65)
	at com.kms.katalon.core.main.TestSuiteExecutor.accessTestSuiteMainPhase(TestSuiteExecutor.java:151)
	at com.kms.katalon.core.main.TestSuiteExecutor.execute(TestSuiteExecutor.java:106)
	at com.kms.katalon.core.main.TestCaseMain.startTestSuite(TestCaseMain.java:185)
	at com.kms.katalon.core.main.TestCaseMain$startTestSuite$0.call(Unknown Source)
	at TempTestSuite1680221192778.run(TempTestSuite1680221192778.groovy:36)
)
[[ATTACHMENT|C:\\Users\\raiha\\Katalon Studio\\Mobile Klik IGR\\Reports\\20230331_070632\\Checkout\\Checkout_No_Payment\\20230331_070632\\1680221309209.png]]]]></system-out>
         <system-err><![CDATA[2023-03-31 07:07:45 - [TEST_CASE][FAILED] - Test Cases/Checkout/TC_Checkout: Test Cases/Checkout/TC_Checkout FAILED.
Reason:
com.kms.katalon.core.exception.StepFailedException: Object Object Repository/Checkout/Checkout/Lihat Cara Pembayaran not found
	at com.kms.katalon.core.keyword.internal.KeywordMain.stepFailed(KeywordMain.groovy:50)
	at com.kms.katalon.core.mobile.keyword.internal.MobileKeywordMain.stepFailed(MobileKeywordMain.groovy:40)
	at com.kms.katalon.core.mobile.keyword.builtin.TapKeyword$_tap_closure1.doCall(TapKeyword.groovy:79)
	at com.kms.katalon.core.mobile.keyword.builtin.TapKeyword$_tap_closure1.call(TapKeyword.groovy)
	at com.kms.katalon.core.mobile.keyword.internal.MobileKeywordMain.runKeyword(MobileKeywordMain.groovy:21)
	at com.kms.katalon.core.mobile.keyword.builtin.TapKeyword.tap(TapKeyword.groovy:84)
	at com.kms.katalon.core.mobile.keyword.builtin.TapKeyword.execute(TapKeyword.groovy:68)
	at com.kms.katalon.core.keyword.internal.KeywordExecutor.executeKeywordForPlatform(KeywordExecutor.groovy:74)
	at com.kms.katalon.core.mobile.keyword.MobileBuiltInKeywords.tap(MobileBuiltInKeywords.groovy:1476)
	at com.kms.katalon.core.mobile.keyword.MobileBuiltInKeywords$tap$3.call(Unknown Source)
	at TC_Checkout.run(TC_Checkout:33)
	at com.kms.katalon.core.main.ScriptEngine.run(ScriptEngine.java:194)
	at com.kms.katalon.core.main.ScriptEngine.runScriptAsRawText(ScriptEngine.java:119)
	at com.kms.katalon.core.main.TestCaseExecutor.runScript(TestCaseExecutor.java:448)
	at com.kms.katalon.core.main.TestCaseExecutor.doExecute(TestCaseExecutor.java:439)
	at com.kms.katalon.core.main.TestCaseExecutor.processExecutionPhase(TestCaseExecutor.java:418)
	at com.kms.katalon.core.main.TestCaseExecutor.accessMainPhase(TestCaseExecutor.java:410)
	at com.kms.katalon.core.main.TestCaseExecutor.execute(TestCaseExecutor.java:285)
	at com.kms.katalon.core.common.CommonExecutor.accessTestCaseMainPhase(CommonExecutor.java:65)
	at com.kms.katalon.core.main.TestSuiteExecutor.accessTestSuiteMainPhase(TestSuiteExecutor.java:151)
	at com.kms.katalon.core.main.TestSuiteExecutor.execute(TestSuiteExecutor.java:106)
	at com.kms.katalon.core.main.TestCaseMain.startTestSuite(TestCaseMain.java:185)
	at com.kms.katalon.core.main.TestCaseMain$startTestSuite$0.call(Unknown Source)
	at TempTestSuite1680221192778.run(TempTestSuite1680221192778.groovy:36)]]></system-err>
      </testcase>
      <system-out><![CDATA[2023-03-31 07:06:43 - [TEST_SUITE][FAILED] - Checkout_No_Payment: Test Cases/Checkout/TC_Checkout FAILED.
Reason:
com.kms.katalon.core.exception.StepFailedException: Object Object Repository/Checkout/Checkout/Lihat Cara Pembayaran not found
	at com.kms.katalon.core.keyword.internal.KeywordMain.stepFailed(KeywordMain.groovy:50)
	at com.kms.katalon.core.mobile.keyword.internal.MobileKeywordMain.stepFailed(MobileKeywordMain.groovy:40)
	at com.kms.katalon.core.mobile.keyword.builtin.TapKeyword$_tap_closure1.doCall(TapKeyword.groovy:79)
	at com.kms.katalon.core.mobile.keyword.builtin.TapKeyword$_tap_closure1.call(TapKeyword.groovy)
	at com.kms.katalon.core.mobile.keyword.internal.MobileKeywordMain.runKeyword(MobileKeywordMain.groovy:21)
	at com.kms.katalon.core.mobile.keyword.builtin.TapKeyword.tap(TapKeyword.groovy:84)
	at com.kms.katalon.core.mobile.keyword.builtin.TapKeyword.execute(TapKeyword.groovy:68)
	at com.kms.katalon.core.keyword.internal.KeywordExecutor.executeKeywordForPlatform(KeywordExecutor.groovy:74)
	at com.kms.katalon.core.mobile.keyword.MobileBuiltInKeywords.tap(MobileBuiltInKeywords.groovy:1476)
	at com.kms.katalon.core.mobile.keyword.MobileBuiltInKeywords$tap$3.call(Unknown Source)
	at TC_Checkout.run(TC_Checkout:33)
	at com.kms.katalon.core.main.ScriptEngine.run(ScriptEngine.java:194)
	at com.kms.katalon.core.main.ScriptEngine.runScriptAsRawText(ScriptEngine.java:119)
	at com.kms.katalon.core.main.TestCaseExecutor.runScript(TestCaseExecutor.java:448)
	at com.kms.katalon.core.main.TestCaseExecutor.doExecute(TestCaseExecutor.java:439)
	at com.kms.katalon.core.main.TestCaseExecutor.processExecutionPhase(TestCaseExecutor.java:418)
	at com.kms.katalon.core.main.TestCaseExecutor.accessMainPhase(TestCaseExecutor.java:410)
	at com.kms.katalon.core.main.TestCaseExecutor.execute(TestCaseExecutor.java:285)
	at com.kms.katalon.core.common.CommonExecutor.accessTestCaseMainPhase(CommonExecutor.java:65)
	at com.kms.katalon.core.main.TestSuiteExecutor.accessTestSuiteMainPhase(TestSuiteExecutor.java:151)
	at com.kms.katalon.core.main.TestSuiteExecutor.execute(TestSuiteExecutor.java:106)
	at com.kms.katalon.core.main.TestCaseMain.startTestSuite(TestCaseMain.java:185)
	at com.kms.katalon.core.main.TestCaseMain$startTestSuite$0.call(Unknown Source)
	at TempTestSuite1680221192778.run(TempTestSuite1680221192778.groovy:36)]]></system-out>
      <system-err><![CDATA[2023-03-31 07:06:43 - [TEST_SUITE][FAILED] - Checkout_No_Payment: Test Cases/Checkout/TC_Checkout FAILED.
Reason:
com.kms.katalon.core.exception.StepFailedException: Object Object Repository/Checkout/Checkout/Lihat Cara Pembayaran not found
	at com.kms.katalon.core.keyword.internal.KeywordMain.stepFailed(KeywordMain.groovy:50)
	at com.kms.katalon.core.mobile.keyword.internal.MobileKeywordMain.stepFailed(MobileKeywordMain.groovy:40)
	at com.kms.katalon.core.mobile.keyword.builtin.TapKeyword$_tap_closure1.doCall(TapKeyword.groovy:79)
	at com.kms.katalon.core.mobile.keyword.builtin.TapKeyword$_tap_closure1.call(TapKeyword.groovy)
	at com.kms.katalon.core.mobile.keyword.internal.MobileKeywordMain.runKeyword(MobileKeywordMain.groovy:21)
	at com.kms.katalon.core.mobile.keyword.builtin.TapKeyword.tap(TapKeyword.groovy:84)
	at com.kms.katalon.core.mobile.keyword.builtin.TapKeyword.execute(TapKeyword.groovy:68)
	at com.kms.katalon.core.keyword.internal.KeywordExecutor.executeKeywordForPlatform(KeywordExecutor.groovy:74)
	at com.kms.katalon.core.mobile.keyword.MobileBuiltInKeywords.tap(MobileBuiltInKeywords.groovy:1476)
	at com.kms.katalon.core.mobile.keyword.MobileBuiltInKeywords$tap$3.call(Unknown Source)
	at TC_Checkout.run(TC_Checkout:33)
	at com.kms.katalon.core.main.ScriptEngine.run(ScriptEngine.java:194)
	at com.kms.katalon.core.main.ScriptEngine.runScriptAsRawText(ScriptEngine.java:119)
	at com.kms.katalon.core.main.TestCaseExecutor.runScript(TestCaseExecutor.java:448)
	at com.kms.katalon.core.main.TestCaseExecutor.doExecute(TestCaseExecutor.java:439)
	at com.kms.katalon.core.main.TestCaseExecutor.processExecutionPhase(TestCaseExecutor.java:418)
	at com.kms.katalon.core.main.TestCaseExecutor.accessMainPhase(TestCaseExecutor.java:410)
	at com.kms.katalon.core.main.TestCaseExecutor.execute(TestCaseExecutor.java:285)
	at com.kms.katalon.core.common.CommonExecutor.accessTestCaseMainPhase(CommonExecutor.java:65)
	at com.kms.katalon.core.main.TestSuiteExecutor.accessTestSuiteMainPhase(TestSuiteExecutor.java:151)
	at com.kms.katalon.core.main.TestSuiteExecutor.execute(TestSuiteExecutor.java:106)
	at com.kms.katalon.core.main.TestCaseMain.startTestSuite(TestCaseMain.java:185)
	at com.kms.katalon.core.main.TestCaseMain$startTestSuite$0.call(Unknown Source)
	at TempTestSuite1680221192778.run(TempTestSuite1680221192778.groovy:36)]]></system-err>
   </testsuite>
</testsuites>
